SpeechBrain system description
==============================
Python version:
3.11.7 (main, Dec 15 2023, 18:12:31) [GCC 11.2.0]
==============================
Installed Python packages:
Brotli @ file:///work/ci_py311/brotli-split_1676830125088/work
certifi @ file:///croot/certifi_1700501669400/work/certifi
cffi @ file:///croot/cffi_1700254295673/work
charset-normalizer @ file:///tmp/build/80754af9/charset-normalizer_1630003229654/work
cryptography @ file:///croot/cryptography_1702070282333/work
filelock @ file:///croot/filelock_1700591183607/work
fsspec==2023.12.2
gmpy2 @ file:///work/ci_py311/gmpy2_1676839849213/work
huggingface-hub==0.20.2
HyperPyYAML==1.2.2
idna @ file:///work/ci_py311/idna_1676822698822/work
Jinja2 @ file:///work/ci_py311/jinja2_1676823587943/work
joblib==1.3.2
MarkupSafe @ file:///croot/markupsafe_1704205993651/work
mkl-fft @ file:///croot/mkl_fft_1695058164594/work
mkl-random @ file:///croot/mkl_random_1695059800811/work
mkl-service==2.4.0
mpmath @ file:///croot/mpmath_1690848262763/work
networkx @ file:///croot/networkx_1690561992265/work
numpy @ file:///croot/numpy_and_numpy_base_1704311704800/work/dist/numpy-1.26.3-cp311-cp311-linux_x86_64.whl#sha256=10a078151ecec16bafb535f7487635217625fa06536dec8509e514648c78d626
packaging==23.2
Pillow @ file:///croot/pillow_1696580024257/work
pycparser @ file:///tmp/build/80754af9/pycparser_1636541352034/work
pyOpenSSL @ file:///croot/pyopenssl_1690223430423/work
PySocks @ file:///work/ci_py311/pysocks_1676822712504/work
PyYAML==6.0.1
regex==2023.12.25
requests @ file:///croot/requests_1690400202158/work
ruamel.yaml==0.18.5
ruamel.yaml.clib==0.2.8
safetensors==0.4.2
scipy==1.11.4
sentencepiece==0.1.99
# Editable install with no version control (speechbrain==0.5.16)
-e /home/rajivratn/satyam/speechbrain
sympy @ file:///croot/sympy_1701397643339/work
tokenizers==0.15.1
torch==2.0.1
torchaudio==2.0.2
torchvision==0.15.2
tqdm==4.66.1
transformers==4.37.1
triton==2.0.0
typing_extensions @ file:///croot/typing_extensions_1705005625920/work
urllib3 @ file:///croot/urllib3_1698257533958/work
==============================
Could not get git revision==============================
CUDA version:
11.8